<?xml version="1.0" encoding="UTF-8"?>
<!-- Generated by org.testng.reporters.JUnitReportReporter -->
<testsuite hostname="DESKTOP-BFTUROD" failures="0" tests="2" name="TestNG.InvocationCount" time="0.373" errors="0" timestamp="2023-08-11T17:58:47 IST" skipped="0">
  <testcase classname="TestNG.InvocationCount" name="demo1" time="0.367"/>
  <system-out/>
  <testcase classname="TestNG.InvocationCount" name="demo2" time="0.006"/>
  <system-out/>
</testsuite> <!-- TestNG.InvocationCount -->
