<?xml version="1.0" encoding="UTF-8"?>
<!-- Generated by org.testng.reporters.JUnitReportReporter -->
<testsuite hostname="DESKTOP-BFTUROD" failures="0" tests="1" name="TestNgGroup.Sample1" time="0.049" errors="0" timestamp="2023-08-14T16:32:26 IST" skipped="0">
  <testcase classname="TestNgGroup.Sample1" name="demo3" time="0.049"/>
</testsuite> <!-- TestNgGroup.Sample1 -->
