<?xml version="1.0" encoding="UTF-8"?>
<!-- Generated by org.testng.reporters.JUnitReportReporter -->
<testsuite hostname="DESKTOP-BFTUROD" failures="0" tests="3" name="TestNG.Priority" time="0.029" errors="0" timestamp="2023-08-15T00:44:37 IST" skipped="0">
  <testcase classname="TestNG.Priority" name="demo1" time="0.022"/>
  <testcase classname="TestNG.Priority" name="demo3" time="0.004"/>
  <testcase classname="TestNG.Priority" name="demo2" time="0.003"/>
</testsuite> <!-- TestNG.Priority -->
